ERC report (2026-02-05T15:24:57+0530, Encoding UTF8)

***** Sheet /
[power_pin_not_driven]: Input Power pin not driven by any Output Power pins
    ; error
    @(3350 mils, 3500 mils): Symbol #PWR01 Pin 1 [Power input, Line]
[power_pin_not_driven]: Input Power pin not driven by any Output Power pins
    ; error
    @(4500 mils, 2900 mils): Symbol U1 Pin 1 [VBUS1, Power input, Line]
[power_pin_not_driven]: Input Power pin not driven by any Output Power pins
    ; error
    @(4500 mils, 3100 mils): Symbol U1 Pin 3 [VDD1, Power input, Line]
[power_pin_not_driven]: Input Power pin not driven by any Output Power pins
    ; error
    @(5900 mils, 3100 mils): Symbol U1 Pin 14 [VDD2, Power input, Line]
[power_pin_not_driven]: Input Power pin not driven by any Output Power pins
    ; error
    @(6000 mils, 4600 mils): Symbol #PWR04 Pin 1 [Power input, Line]
[power_pin_not_driven]: Input Power pin not driven by any Output Power pins
    ; error
    @(9350 mils, 2800 mils): Symbol J2 Pin 4 [GND, Power input, Line]
[power_pin_not_driven]: Input Power pin not driven by any Output Power pins
    ; error
    @(9350 mils, 3100 mils): Symbol J2 Pin 1 [VCC, Power input, Line]

 ** ERC messages: 7  Errors 7  Warnings 0
